{
  "RSpec": {
    "coverage": {
      "/Users/richardturney/Documents/Projects/Reviews/Review_4/spec/evaluator_spec.rb": {
        "lines": [
          1,
          null,
          1,
          null,
          1,
          1,
          null,
          null,
          1,
          1,
          null,
          null,
          1,
          1,
          null,
          null,
          1,
          1,
          null,
          null
        ]
      },
      "/Users/richardturney/Documents/Projects/Reviews/Review_4/lib/evaluator.rb": {
        "lines": [
          null,
          1,
          4,
          null,
          2,
          2,
          2,
          6,
          6,
          null,
          null,
          2,
          2,
          null
        ]
      }
    },
    "timestamp": 1617633769
  }
}
